  MainPrueba.cpp
C:\Users\Usuario\Desktop\CGIHC Proyecto\315234057_PROYECTO_GPO08\ProyectoFinal\ProyectoFinal\modelAnim.h(104,44): warning C4244: '=': conversión de 'double' a 'float'; posible pérdida de datos
C:\Users\Usuario\Desktop\CGIHC Proyecto\315234057_PROYECTO_GPO08\ProyectoFinal\ProyectoFinal\modelAnim.h(519,24): warning C4244: 'inicializando': conversión de 'double' a 'float'; posible pérdida de datos
C:\Users\Usuario\Desktop\CGIHC Proyecto\315234057_PROYECTO_GPO08\ProyectoFinal\ProyectoFinal\MainPrueba.cpp(87,24): warning C4305: 'inicializando': truncamiento de 'double' a 'float'
C:\Users\Usuario\Desktop\CGIHC Proyecto\315234057_PROYECTO_GPO08\ProyectoFinal\ProyectoFinal\MainPrueba.cpp(470,24): warning C4244: 'inicializando': conversión de 'double' a 'GLfloat'; posible pérdida de datos
C:\Users\Usuario\Desktop\CGIHC Proyecto\315234057_PROYECTO_GPO08\ProyectoFinal\ProyectoFinal\MainPrueba.cpp(505,14): warning C4244: 'inicializando': conversión de 'double' a 'float'; posible pérdida de datos
C:\Users\Usuario\Desktop\CGIHC Proyecto\315234057_PROYECTO_GPO08\ProyectoFinal\ProyectoFinal\MainPrueba.cpp(875,94): warning C4305: 'argumento': truncamiento de 'double' a 'GLfloat'
C:\Users\Usuario\Desktop\CGIHC Proyecto\315234057_PROYECTO_GPO08\ProyectoFinal\ProyectoFinal\MainPrueba.cpp(889,16): warning C4244: 'inicializando': conversión de 'double' a 'float'; posible pérdida de datos
C:\Users\Usuario\Desktop\CGIHC Proyecto\315234057_PROYECTO_GPO08\ProyectoFinal\ProyectoFinal\MainPrueba.cpp(977,20): warning C4305: '-=': truncamiento de 'double' a 'float'
C:\Users\Usuario\Desktop\CGIHC Proyecto\315234057_PROYECTO_GPO08\ProyectoFinal\ProyectoFinal\MainPrueba.cpp(1032,24): warning C4305: '+=': truncamiento de 'double' a 'float'
C:\Users\Usuario\Desktop\CGIHC Proyecto\315234057_PROYECTO_GPO08\ProyectoFinal\ProyectoFinal\MainPrueba.cpp(1038,24): warning C4305: '-=': truncamiento de 'double' a 'float'
C:\Users\Usuario\Desktop\CGIHC Proyecto\315234057_PROYECTO_GPO08\ProyectoFinal\ProyectoFinal\MainPrueba.cpp(1289,11): warning C4244: '=': conversión de 'double' a 'GLfloat'; posible pérdida de datos
C:\Users\Usuario\Desktop\CGIHC Proyecto\315234057_PROYECTO_GPO08\ProyectoFinal\ProyectoFinal\MainPrueba.cpp(1290,11): warning C4244: '=': conversión de 'double' a 'GLfloat'; posible pérdida de datos
C:\Users\Usuario\Desktop\CGIHC Proyecto\315234057_PROYECTO_GPO08\ProyectoFinal\ProyectoFinal\MainPrueba.cpp(1294,18): warning C4244: 'inicializando': conversión de 'double' a 'GLfloat'; posible pérdida de datos
C:\Users\Usuario\Desktop\CGIHC Proyecto\315234057_PROYECTO_GPO08\ProyectoFinal\ProyectoFinal\MainPrueba.cpp(1295,18): warning C4244: 'inicializando': conversión de 'double' a 'GLfloat'; posible pérdida de datos
C:\Users\Usuario\Desktop\CGIHC Proyecto\315234057_PROYECTO_GPO08\ProyectoFinal\ProyectoFinal\MainPrueba.cpp(1297,10): warning C4244: '=': conversión de 'double' a 'GLfloat'; posible pérdida de datos
C:\Users\Usuario\Desktop\CGIHC Proyecto\315234057_PROYECTO_GPO08\ProyectoFinal\ProyectoFinal\MainPrueba.cpp(1298,10): warning C4244: '=': conversión de 'double' a 'GLfloat'; posible pérdida de datos
soil2-debug.lib(SOIL2.obj) : warning LNK4075: se omite '/EDITANDCONTINUE' debido a la especificación '/OPT:ICF'
LINK : warning LNK4098: la biblioteca predeterminada'MSVCRTD' entra en conflicto con otras bibliotecas; use la biblioteca /NODEFAULTLIB:biblioteca
  Generando código
  0 of 650 functions ( 0.0%) were compiled, the rest were copied from previous compilation.
    0 functions were new in current compilation
    0 functions had inline decision re-evaluated but remain unchanged
  Generación de código finalizada
soil2-debug.lib(etc1_utils.obj) : warning LNK4099: no se encontró PDB 'soil2-debug.pdb' con 'soil2-debug.lib(etc1_utils.obj)' o en 'C:\Users\Usuario\Desktop\CGIHC Proyecto\315234057_PROYECTO_GPO08\ProyectoFinal\Release\soil2-debug.pdb'; se vinculará el objeto sin tener en cuenta información de depuración
soil2-debug.lib(image_DXT.obj) : warning LNK4099: no se encontró PDB 'soil2-debug.pdb' con 'soil2-debug.lib(image_DXT.obj)' o en 'C:\Users\Usuario\Desktop\CGIHC Proyecto\315234057_PROYECTO_GPO08\ProyectoFinal\Release\soil2-debug.pdb'; se vinculará el objeto sin tener en cuenta información de depuración
soil2-debug.lib(image_helper.obj) : warning LNK4099: no se encontró PDB 'soil2-debug.pdb' con 'soil2-debug.lib(image_helper.obj)' o en 'C:\Users\Usuario\Desktop\CGIHC Proyecto\315234057_PROYECTO_GPO08\ProyectoFinal\Release\soil2-debug.pdb'; se vinculará el objeto sin tener en cuenta información de depuración
soil2-debug.lib(SOIL2.obj) : warning LNK4099: no se encontró PDB 'soil2-debug.pdb' con 'soil2-debug.lib(SOIL2.obj)' o en 'C:\Users\Usuario\Desktop\CGIHC Proyecto\315234057_PROYECTO_GPO08\ProyectoFinal\Release\soil2-debug.pdb'; se vinculará el objeto sin tener en cuenta información de depuración
  ProyectoFinal.vcxproj -> C:\Users\Usuario\Desktop\CGIHC Proyecto\315234057_PROYECTO_GPO08\ProyectoFinal\Release\ProyectoFinal.exe
