  MainPrueba.cpp
C:\Users\Usuario\Desktop\CGIHC Proyecto\315234057_PROYECTO_GPO08\ProyectoFinal\ProyectoFinal\modelAnim.h(104,44): warning C4244: '=': conversión de 'double' a 'float'; posible pérdida de datos
C:\Users\Usuario\Desktop\CGIHC Proyecto\315234057_PROYECTO_GPO08\ProyectoFinal\ProyectoFinal\modelAnim.h(519,24): warning C4244: 'inicializando': conversión de 'double' a 'float'; posible pérdida de datos
C:\Users\Usuario\Desktop\CGIHC Proyecto\315234057_PROYECTO_GPO08\ProyectoFinal\ProyectoFinal\MainPrueba.cpp(87,24): warning C4305: 'inicializando': truncamiento de 'double' a 'float'
C:\Users\Usuario\Desktop\CGIHC Proyecto\315234057_PROYECTO_GPO08\ProyectoFinal\ProyectoFinal\MainPrueba.cpp(119,29): warning C4305: 'inicializando': truncamiento de 'double' a 'float'
C:\Users\Usuario\Desktop\CGIHC Proyecto\315234057_PROYECTO_GPO08\ProyectoFinal\ProyectoFinal\MainPrueba.cpp(502,24): warning C4244: 'inicializando': conversión de 'double' a 'GLfloat'; posible pérdida de datos
C:\Users\Usuario\Desktop\CGIHC Proyecto\315234057_PROYECTO_GPO08\ProyectoFinal\ProyectoFinal\MainPrueba.cpp(537,14): warning C4244: 'inicializando': conversión de 'double' a 'float'; posible pérdida de datos
C:\Users\Usuario\Desktop\CGIHC Proyecto\315234057_PROYECTO_GPO08\ProyectoFinal\ProyectoFinal\MainPrueba.cpp(962,94): warning C4305: 'argumento': truncamiento de 'double' a 'GLfloat'
C:\Users\Usuario\Desktop\CGIHC Proyecto\315234057_PROYECTO_GPO08\ProyectoFinal\ProyectoFinal\MainPrueba.cpp(985,16): warning C4244: 'inicializando': conversión de 'double' a 'float'; posible pérdida de datos
C:\Users\Usuario\Desktop\CGIHC Proyecto\315234057_PROYECTO_GPO08\ProyectoFinal\ProyectoFinal\MainPrueba.cpp(1073,20): warning C4305: '-=': truncamiento de 'double' a 'float'
C:\Users\Usuario\Desktop\CGIHC Proyecto\315234057_PROYECTO_GPO08\ProyectoFinal\ProyectoFinal\MainPrueba.cpp(1128,24): warning C4305: '+=': truncamiento de 'double' a 'float'
C:\Users\Usuario\Desktop\CGIHC Proyecto\315234057_PROYECTO_GPO08\ProyectoFinal\ProyectoFinal\MainPrueba.cpp(1134,24): warning C4305: '-=': truncamiento de 'double' a 'float'
C:\Users\Usuario\Desktop\CGIHC Proyecto\315234057_PROYECTO_GPO08\ProyectoFinal\ProyectoFinal\MainPrueba.cpp(1259,27): warning C4305: '-=': truncamiento de 'double' a 'float'
C:\Users\Usuario\Desktop\CGIHC Proyecto\315234057_PROYECTO_GPO08\ProyectoFinal\ProyectoFinal\MainPrueba.cpp(1260,27): warning C4305: '-=': truncamiento de 'double' a 'float'
C:\Users\Usuario\Desktop\CGIHC Proyecto\315234057_PROYECTO_GPO08\ProyectoFinal\ProyectoFinal\MainPrueba.cpp(1261,27): warning C4305: '+=': truncamiento de 'double' a 'float'
C:\Users\Usuario\Desktop\CGIHC Proyecto\315234057_PROYECTO_GPO08\ProyectoFinal\ProyectoFinal\MainPrueba.cpp(1265,29): warning C4305: '-=': truncamiento de 'double' a 'float'
C:\Users\Usuario\Desktop\CGIHC Proyecto\315234057_PROYECTO_GPO08\ProyectoFinal\ProyectoFinal\MainPrueba.cpp(1271,29): warning C4305: '+=': truncamiento de 'double' a 'float'
C:\Users\Usuario\Desktop\CGIHC Proyecto\315234057_PROYECTO_GPO08\ProyectoFinal\ProyectoFinal\MainPrueba.cpp(1435,11): warning C4244: '=': conversión de 'double' a 'GLfloat'; posible pérdida de datos
C:\Users\Usuario\Desktop\CGIHC Proyecto\315234057_PROYECTO_GPO08\ProyectoFinal\ProyectoFinal\MainPrueba.cpp(1436,11): warning C4244: '=': conversión de 'double' a 'GLfloat'; posible pérdida de datos
C:\Users\Usuario\Desktop\CGIHC Proyecto\315234057_PROYECTO_GPO08\ProyectoFinal\ProyectoFinal\MainPrueba.cpp(1440,18): warning C4244: 'inicializando': conversión de 'double' a 'GLfloat'; posible pérdida de datos
C:\Users\Usuario\Desktop\CGIHC Proyecto\315234057_PROYECTO_GPO08\ProyectoFinal\ProyectoFinal\MainPrueba.cpp(1441,18): warning C4244: 'inicializando': conversión de 'double' a 'GLfloat'; posible pérdida de datos
C:\Users\Usuario\Desktop\CGIHC Proyecto\315234057_PROYECTO_GPO08\ProyectoFinal\ProyectoFinal\MainPrueba.cpp(1443,10): warning C4244: '=': conversión de 'double' a 'GLfloat'; posible pérdida de datos
C:\Users\Usuario\Desktop\CGIHC Proyecto\315234057_PROYECTO_GPO08\ProyectoFinal\ProyectoFinal\MainPrueba.cpp(1444,10): warning C4244: '=': conversión de 'double' a 'GLfloat'; posible pérdida de datos
LINK : warning LNK4098: la biblioteca predeterminada'MSVCRT' entra en conflicto con otras bibliotecas; use la biblioteca /NODEFAULTLIB:biblioteca
soil2-debug.lib(etc1_utils.obj) : warning LNK4099: no se encontró PDB 'soil2-debug.pdb' con 'soil2-debug.lib(etc1_utils.obj)' o en 'C:\Users\Usuario\Desktop\CGIHC Proyecto\315234057_PROYECTO_GPO08\ProyectoFinal\Debug\soil2-debug.pdb'; se vinculará el objeto sin tener en cuenta información de depuración
soil2-debug.lib(image_DXT.obj) : warning LNK4099: no se encontró PDB 'soil2-debug.pdb' con 'soil2-debug.lib(image_DXT.obj)' o en 'C:\Users\Usuario\Desktop\CGIHC Proyecto\315234057_PROYECTO_GPO08\ProyectoFinal\Debug\soil2-debug.pdb'; se vinculará el objeto sin tener en cuenta información de depuración
soil2-debug.lib(image_helper.obj) : warning LNK4099: no se encontró PDB 'soil2-debug.pdb' con 'soil2-debug.lib(image_helper.obj)' o en 'C:\Users\Usuario\Desktop\CGIHC Proyecto\315234057_PROYECTO_GPO08\ProyectoFinal\Debug\soil2-debug.pdb'; se vinculará el objeto sin tener en cuenta información de depuración
soil2-debug.lib(SOIL2.obj) : warning LNK4099: no se encontró PDB 'soil2-debug.pdb' con 'soil2-debug.lib(SOIL2.obj)' o en 'C:\Users\Usuario\Desktop\CGIHC Proyecto\315234057_PROYECTO_GPO08\ProyectoFinal\Debug\soil2-debug.pdb'; se vinculará el objeto sin tener en cuenta información de depuración
  ProyectoFinal.vcxproj -> C:\Users\Usuario\Desktop\CGIHC Proyecto\315234057_PROYECTO_GPO08\ProyectoFinal\Debug\ProyectoFinal.exe
